# JRE version: Java(TM) SE Runtime Environment (8.0_92-b14) (build 1.8.0_92-b14)
# Java VM: Java HotSpot(TM) 64-Bit Server VM (25.92-b14 mixed mode windows-amd64 compressed oops)
Heap:
 PSYoungGen      total 223744K, used 54119K [0x00000000d5f00000, 0x00000000e4780000, 0x0000000100000000)
  eden space 209408K, 25% used [0x00000000d5f00000,0x00000000d93d9d20,0x00000000e2b80000)
  from space 14336K, 0% used [0x00000000e3980000,0x00000000e3980000,0x00000000e4780000)
  to   space 14336K, 0% used [0x00000000e2b80000,0x00000000e2b80000,0x00000000e3980000)
 ParOldGen       total 90112K, used 16028K [0x0000000081c00000, 0x0000000087400000, 0x00000000d5f00000)
  object space 90112K, 17% used [0x0000000081c00000,0x0000000082ba7178,0x0000000087400000)
 Metaspace       used 37516K, capacity 39718K, committed 39808K, reserved 1083392K
  class space    used 5098K, capacity 5498K, committed 5504K, reserved 1048576K
GC Heap History (10 events):
Event: 2.765 GC heap before
{Heap before GC invocations=6 (full 0):
 PSYoungGen      total 71680K, used 18955K [0x00000000d5f00000, 0x00000000df500000, 0x0000000100000000)
  eden space 66560K, 20% used [0x00000000d5f00000,0x00000000d6c8a318,0x00000000da000000)
  from space 5120K, 99% used [0x00000000da000000,0x00000000da4f8a98,0x00000000da500000)
  to   space 10240K, 0% used [0x00000000deb00000,0x00000000deb00000,0x00000000df500000)
 ParOldGen       total 87552K, used 10944K [0x0000000081c00000, 0x0000000087180000, 0x00000000d5f00000)
  object space 87552K, 12% used [0x0000000081c00000,0x00000000826b02a8,0x0000000087180000)
 Metaspace       used 20404K, capacity 21230K, committed 21296K, reserved 1067008K
  class space    used 2678K, capacity 2891K, committed 2944K, reserved 1048576K
Event: 2.774 GC heap after
Heap after GC invocations=6 (full 0):
 PSYoungGen      total 142336K, used 6174K [0x00000000d5f00000, 0x00000000df400000, 0x0000000100000000)
  eden space 133120K, 0% used [0x00000000d5f00000,0x00000000d5f00000,0x00000000de100000)
  from space 9216K, 66% used [0x00000000deb00000,0x00000000df107ae0,0x00000000df400000)
  to   space 9728K, 0% used [0x00000000de100000,0x00000000de100000,0x00000000dea80000)
 ParOldGen       total 87552K, used 10944K [0x0000000081c00000, 0x0000000087180000, 0x00000000d5f00000)
  object space 87552K, 12% used [0x0000000081c00000,0x00000000826b02a8,0x0000000087180000)
 Metaspace       used 20404K, capacity 21230K, committed 21296K, reserved 1067008K
  class space    used 2678K, capacity 2891K, committed 2944K, reserved 1048576K
}
Event: 2.774 GC heap before
{Heap before GC invocations=7 (full 1):
 PSYoungGen      total 142336K, used 6174K [0x00000000d5f00000, 0x00000000df400000, 0x0000000100000000)
  eden space 133120K, 0% used [0x00000000d5f00000,0x00000000d5f00000,0x00000000de100000)
  from space 9216K, 66% used [0x00000000deb00000,0x00000000df107ae0,0x00000000df400000)
  to   space 9728K, 0% used [0x00000000de100000,0x00000000de100000,0x00000000dea80000)
 ParOldGen       total 87552K, used 10944K [0x0000000081c00000, 0x0000000087180000, 0x00000000d5f00000)
  object space 87552K, 12% used [0x0000000081c00000,0x00000000826b02a8,0x0000000087180000)
 Metaspace       used 20404K, capacity 21230K, committed 21296K, reserved 1067008K
  class space    used 2678K, capacity 2891K, committed 2944K, reserved 1048576K
Event: 2.829 GC heap after
Heap after GC invocations=7 (full 1):
 PSYoungGen      total 142336K, used 0K [0x00000000d5f00000, 0x00000000df400000, 0x0000000100000000)
  eden space 133120K, 0% used [0x00000000d5f00000,0x00000000d5f00000,0x00000000de100000)
  from space 9216K, 0% used [0x00000000deb00000,0x00000000deb00000,0x00000000df400000)
  to   space 9728K, 0% used [0x00000000de100000,0x00000000de100000,0x00000000dea80000)
 ParOldGen       total 57856K, used 7329K [0x0000000081c00000, 0x0000000085480000, 0x00000000d5f00000)
  object space 57856K, 12% used [0x0000000081c00000,0x0000000082328428,0x0000000085480000)
 Metaspace       used 20403K, capacity 21224K, committed 21296K, reserved 1067008K
  class space    used 2678K, capacity 2890K, committed 2944K, reserved 1048576K
}
Event: 4.820 GC heap before
{Heap before GC invocations=8 (full 1):
 PSYoungGen      total 142336K, used 133120K [0x00000000d5f00000, 0x00000000df400000, 0x0000000100000000)
  eden space 133120K, 100% used [0x00000000d5f00000,0x00000000de100000,0x00000000de100000)
  from space 9216K, 0% used [0x00000000deb00000,0x00000000deb00000,0x00000000df400000)
  to   space 9728K, 0% used [0x00000000de100000,0x00000000de100000,0x00000000dea80000)
 ParOldGen       total 57856K, used 7329K [0x0000000081c00000, 0x0000000085480000, 0x00000000d5f00000)
  object space 57856K, 12% used [0x0000000081c00000,0x0000000082328428,0x0000000085480000)
 Metaspace       used 31018K, capacity 32938K, committed 33024K, reserved 1077248K
  class space    used 4203K, capacity 4569K, committed 4608K, reserved 1048576K
Event: 4.836 GC heap after
Heap after GC invocations=8 (full 1):
 PSYoungGen      total 142848K, used 9717K [0x00000000d5f00000, 0x00000000e4780000, 0x0000000100000000)
  eden space 133120K, 0% used [0x00000000d5f00000,0x00000000d5f00000,0x00000000de100000)
  from space 9728K, 99% used [0x00000000de100000,0x00000000dea7d600,0x00000000dea80000)
  to   space 14336K, 0% used [0x00000000e3980000,0x00000000e3980000,0x00000000e4780000)
 ParOldGen       total 57856K, used 13751K [0x0000000081c00000, 0x0000000085480000, 0x00000000d5f00000)
  object space 57856K, 23% used [0x0000000081c00000,0x000000008296dc90,0x0000000085480000)
 Metaspace       used 31018K, capacity 32938K, committed 33024K, reserved 1077248K
  class space    used 4203K, capacity 4569K, committed 4608K, reserved 1048576K
}
Event: 5.255 GC heap before
{Heap before GC invocations=9 (full 1):
 PSYoungGen      total 142848K, used 37438K [0x00000000d5f00000, 0x00000000e4780000, 0x0000000100000000)
  eden space 133120K, 20% used [0x00000000d5f00000,0x00000000d7a12548,0x00000000de100000)
  from space 9728K, 99% used [0x00000000de100000,0x00000000dea7d600,0x00000000dea80000)
  to   space 14336K, 0% used [0x00000000e3980000,0x00000000e3980000,0x00000000e4780000)
 ParOldGen       total 57856K, used 13751K [0x0000000081c00000, 0x0000000085480000, 0x00000000d5f00000)
  object space 57856K, 23% used [0x0000000081c00000,0x000000008296dc90,0x0000000085480000)
 Metaspace       used 33233K, capacity 35360K, committed 35456K, reserved 1079296K
  class space    used 4533K, capacity 4941K, committed 4992K, reserved 1048576K
Event: 5.266 GC heap after
Heap after GC invocations=9 (full 1):
 PSYoungGen      total 223744K, used 9777K [0x00000000d5f00000, 0x00000000e4780000, 0x0000000100000000)
  eden space 209408K, 0% used [0x00000000d5f00000,0x00000000d5f00000,0x00000000e2b80000)
  from space 14336K, 68% used [0x00000000e3980000,0x00000000e430c640,0x00000000e4780000)
  to   space 14336K, 0% used [0x00000000e2b80000,0x00000000e2b80000,0x00000000e3980000)
 ParOldGen       total 57856K, used 13759K [0x0000000081c00000, 0x0000000085480000, 0x00000000d5f00000)
  object space 57856K, 23% used [0x0000000081c00000,0x000000008296fc90,0x0000000085480000)
 Metaspace       used 33233K, capacity 35360K, committed 35456K, reserved 1079296K
  class space    used 4533K, capacity 4941K, committed 4992K, reserved 1048576K
}
Event: 5.266 GC heap before
{Heap before GC invocations=10 (full 2):
 PSYoungGen      total 223744K, used 9777K [0x00000000d5f00000, 0x00000000e4780000, 0x0000000100000000)
  eden space 209408K, 0% used [0x00000000d5f00000,0x00000000d5f00000,0x00000000e2b80000)
  from space 14336K, 68% used [0x00000000e3980000,0x00000000e430c640,0x00000000e4780000)
  to   space 14336K, 0% used [0x00000000e2b80000,0x00000000e2b80000,0x00000000e3980000)
 ParOldGen       total 57856K, used 13759K [0x0000000081c00000, 0x0000000085480000, 0x00000000d5f00000)
  object space 57856K, 23% used [0x0000000081c00000,0x000000008296fc90,0x0000000085480000)
 Metaspace       used 33233K, capacity 35360K, committed 35456K, reserved 1079296K
  class space    used 4533K, capacity 4941K, committed 4992K, reserved 1048576K
Event: 5.331 GC heap after
Heap after GC invocations=10 (full 2):
 PSYoungGen      total 223744K, used 0K [0x00000000d5f00000, 0x00000000e4780000, 0x0000000100000000)
  eden space 209408K, 0% used [0x00000000d5f00000,0x00000000d5f00000,0x00000000e2b80000)
  from space 14336K, 0% used [0x00000000e3980000,0x00000000e3980000,0x00000000e4780000)
  to   space 14336K, 0% used [0x00000000e2b80000,0x00000000e2b80000,0x00000000e3980000)
 ParOldGen       total 90112K, used 16028K [0x0000000081c00000, 0x0000000087400000, 0x00000000d5f00000)
  object space 90112K, 17% used [0x0000000081c00000,0x0000000082ba7178,0x0000000087400000)
 Metaspace       used 33233K, capacity 35360K, committed 35456K, reserved 1079296K
  class space    used 4533K, capacity 4941K, committed 4992K, reserved 1048576K
}

